<?xml version="1.0" encoding="UTF-8"?>
<testng-results skipped="0" failed="0" ignored="0" total="1" passed="1">
  <reporter-output>
  </reporter-output>
  <suite name="Default suite" duration-ms="34820" started-at="2020-04-12T16:13:06Z" finished-at="2020-04-12T16:13:41Z">
    <groups>
    </groups>
    <test name="Default test" duration-ms="34820" started-at="2020-04-12T16:13:06Z" finished-at="2020-04-12T16:13:41Z">
      <class name="com.training.assignment2.tests.RTTC_042">
        <test-method status="PASS" signature="setUpBeforeClass()[pri:0, instance:com.training.assignment2.tests.RTTC_042@55f3ddb1]" name="setUpBeforeClass" is-config="true" duration-ms="14" started-at="2020-04-12T21:43:06Z" finished-at="2020-04-12T21:43:07Z">
          <reporter-output>
          </reporter-output>
        </test-method> <!-- setUpBeforeClass -->
        <test-method status="PASS" signature="setUp()[pri:0, instance:com.training.assignment2.tests.RTTC_042@55f3ddb1]" name="setUp" is-config="true" duration-ms="12643" started-at="2020-04-12T21:43:07Z" finished-at="2020-04-12T21:43:19Z">
          <reporter-output>
          </reporter-output>
        </test-method> <!-- setUp -->
        <test-method status="PASS" signature="addProduct()[pri:0, instance:com.training.assignment2.tests.RTTC_042@55f3ddb1]" name="addProduct" duration-ms="16363" started-at="2020-04-12T21:43:19Z" finished-at="2020-04-12T21:43:36Z">
          <reporter-output>
          </reporter-output>
        </test-method> <!-- addProduct -->
        <test-method status="PASS" signature="tearDown()[pri:0, instance:com.training.assignment2.tests.RTTC_042@55f3ddb1]" name="tearDown" is-config="true" duration-ms="5769" started-at="2020-04-12T21:43:36Z" finished-at="2020-04-12T21:43:41Z">
          <reporter-output>
          </reporter-output>
        </test-method> <!-- tearDown -->
      </class> <!-- com.training.assignment2.tests.RTTC_042 -->
    </test> <!-- Default test -->
  </suite> <!-- Default suite -->
</testng-results>
