<?xml version="1.0" encoding="UTF-8"?>
<testng-results skipped="0" failed="0" ignored="0" total="4" passed="4">
  <reporter-output>
  </reporter-output>
  <suite name="Default suite" duration-ms="114640" started-at="2020-04-25T06:07:31Z" finished-at="2020-04-25T06:09:26Z">
    <groups>
    </groups>
    <test name="Default test" duration-ms="114640" started-at="2020-04-25T06:07:31Z" finished-at="2020-04-25T06:09:26Z">
      <class name="com.training.assignment3.tests.RTTC072">
        <test-method status="PASS" signature="setUpBeforeClass()[pri:0, instance:com.training.assignment3.tests.RTTC072@8bd1b6a]" name="setUpBeforeClass" is-config="true" duration-ms="36" started-at="2020-04-25T11:37:31Z" finished-at="2020-04-25T11:37:31Z">
          <reporter-output>
          </reporter-output>
        </test-method> <!-- setUpBeforeClass -->
        <test-method status="PASS" signature="setUp()[pri:0, instance:com.training.assignment3.tests.RTTC072@8bd1b6a]" name="setUp" is-config="true" duration-ms="11579" started-at="2020-04-25T11:37:31Z" finished-at="2020-04-25T11:37:43Z">
          <reporter-output>
          </reporter-output>
        </test-method> <!-- setUp -->
        <test-method status="PASS" signature="addMultipleProducts(java.lang.String, java.lang.String, java.lang.String, java.lang.String, java.lang.String, java.lang.String, java.lang.String, java.lang.String, java.lang.String, java.lang.String, java.lang.String)[pri:0, instance:com.training.assignment3.tests.RTTC072@8bd1b6a]" name="addMultipleProducts" duration-ms="13220" started-at="2020-04-25T11:37:43Z" data-provider="RTTC072Testing.xls" finished-at="2020-04-25T11:37:56Z">
          <params>
            <param index="0">
              <value>
                <![CDATA[admin]]>
              </value>
            </param>
            <param index="1">
              <value>
                <![CDATA[admin@123]]>
              </value>
            </param>
            <param index="2">
              <value>
                <![CDATA[]]>
              </value>
            </param>
            <param index="3">
              <value>
                <![CDATA[]]>
              </value>
            </param>
            <param index="4">
              <value>
                <![CDATA[]]>
              </value>
            </param>
            <param index="5">
              <value>
                <![CDATA[]]>
              </value>
            </param>
            <param index="6">
              <value>
                <![CDATA[]]>
              </value>
            </param>
            <param index="7">
              <value>
                <![CDATA[]]>
              </value>
            </param>
            <param index="8">
              <value>
                <![CDATA[]]>
              </value>
            </param>
            <param index="9">
              <value>
                <![CDATA[]]>
              </value>
            </param>
            <param index="10">
              <value>
                <![CDATA[]]>
              </value>
            </param>
          </params>
          <reporter-output>
          </reporter-output>
        </test-method> <!-- addMultipleProducts -->
        <test-method status="PASS" signature="tearDown()[pri:0, instance:com.training.assignment3.tests.RTTC072@8bd1b6a]" name="tearDown" is-config="true" duration-ms="6086" started-at="2020-04-25T11:37:56Z" finished-at="2020-04-25T11:38:02Z">
          <reporter-output>
          </reporter-output>
        </test-method> <!-- tearDown -->
        <test-method status="PASS" signature="setUp()[pri:0, instance:com.training.assignment3.tests.RTTC072@8bd1b6a]" name="setUp" is-config="true" duration-ms="8322" started-at="2020-04-25T11:38:02Z" finished-at="2020-04-25T11:38:11Z">
          <reporter-output>
          </reporter-output>
        </test-method> <!-- setUp -->
        <test-method status="PASS" signature="addMultipleProducts(java.lang.String, java.lang.String, java.lang.String, java.lang.String, java.lang.String, java.lang.String, java.lang.String, java.lang.String, java.lang.String, java.lang.String, java.lang.String)[pri:0, instance:com.training.assignment3.tests.RTTC072@8bd1b6a]" name="addMultipleProducts" duration-ms="12210" started-at="2020-04-25T11:38:11Z" data-provider="RTTC072Testing.xls" finished-at="2020-04-25T11:38:23Z">
          <params>
            <param index="0">
              <value>
                <![CDATA[admin]]>
              </value>
            </param>
            <param index="1">
              <value>
                <![CDATA[admin@123]]>
              </value>
            </param>
            <param index="2">
              <value>
                <![CDATA[Onida]]>
              </value>
            </param>
            <param index="3">
              <value>
                <![CDATA[]]>
              </value>
            </param>
            <param index="4">
              <value>
                <![CDATA[]]>
              </value>
            </param>
            <param index="5">
              <value>
                <![CDATA[]]>
              </value>
            </param>
            <param index="6">
              <value>
                <![CDATA[]]>
              </value>
            </param>
            <param index="7">
              <value>
                <![CDATA[]]>
              </value>
            </param>
            <param index="8">
              <value>
                <![CDATA[]]>
              </value>
            </param>
            <param index="9">
              <value>
                <![CDATA[]]>
              </value>
            </param>
            <param index="10">
              <value>
                <![CDATA[]]>
              </value>
            </param>
          </params>
          <reporter-output>
          </reporter-output>
        </test-method> <!-- addMultipleProducts -->
        <test-method status="PASS" signature="tearDown()[pri:0, instance:com.training.assignment3.tests.RTTC072@8bd1b6a]" name="tearDown" is-config="true" duration-ms="6010" started-at="2020-04-25T11:38:23Z" finished-at="2020-04-25T11:38:29Z">
          <reporter-output>
          </reporter-output>
        </test-method> <!-- tearDown -->
        <test-method status="PASS" signature="setUp()[pri:0, instance:com.training.assignment3.tests.RTTC072@8bd1b6a]" name="setUp" is-config="true" duration-ms="8649" started-at="2020-04-25T11:38:29Z" finished-at="2020-04-25T11:38:37Z">
          <reporter-output>
          </reporter-output>
        </test-method> <!-- setUp -->
        <test-method status="PASS" signature="addMultipleProducts(java.lang.String, java.lang.String, java.lang.String, java.lang.String, java.lang.String, java.lang.String, java.lang.String, java.lang.String, java.lang.String, java.lang.String, java.lang.String)[pri:0, instance:com.training.assignment3.tests.RTTC072@8bd1b6a]" name="addMultipleProducts" duration-ms="12833" started-at="2020-04-25T11:38:37Z" data-provider="RTTC072Testing.xls" finished-at="2020-04-25T11:38:50Z">
          <params>
            <param index="0">
              <value>
                <![CDATA[admin]]>
              </value>
            </param>
            <param index="1">
              <value>
                <![CDATA[admin@123]]>
              </value>
            </param>
            <param index="2">
              <value>
                <![CDATA[Bat]]>
              </value>
            </param>
            <param index="3">
              <value>
                <![CDATA[Cricket Bat]]>
              </value>
            </param>
            <param index="4">
              <value>
                <![CDATA[]]>
              </value>
            </param>
            <param index="5">
              <value>
                <![CDATA[]]>
              </value>
            </param>
            <param index="6">
              <value>
                <![CDATA[]]>
              </value>
            </param>
            <param index="7">
              <value>
                <![CDATA[]]>
              </value>
            </param>
            <param index="8">
              <value>
                <![CDATA[]]>
              </value>
            </param>
            <param index="9">
              <value>
                <![CDATA[]]>
              </value>
            </param>
            <param index="10">
              <value>
                <![CDATA[]]>
              </value>
            </param>
          </params>
          <reporter-output>
          </reporter-output>
        </test-method> <!-- addMultipleProducts -->
        <test-method status="PASS" signature="tearDown()[pri:0, instance:com.training.assignment3.tests.RTTC072@8bd1b6a]" name="tearDown" is-config="true" duration-ms="6964" started-at="2020-04-25T11:38:50Z" finished-at="2020-04-25T11:38:57Z">
          <reporter-output>
          </reporter-output>
        </test-method> <!-- tearDown -->
        <test-method status="PASS" signature="setUp()[pri:0, instance:com.training.assignment3.tests.RTTC072@8bd1b6a]" name="setUp" is-config="true" duration-ms="8716" started-at="2020-04-25T11:38:57Z" finished-at="2020-04-25T11:39:06Z">
          <reporter-output>
          </reporter-output>
        </test-method> <!-- setUp -->
        <test-method status="PASS" signature="addMultipleProducts(java.lang.String, java.lang.String, java.lang.String, java.lang.String, java.lang.String, java.lang.String, java.lang.String, java.lang.String, java.lang.String, java.lang.String, java.lang.String)[pri:0, instance:com.training.assignment3.tests.RTTC072@8bd1b6a]" name="addMultipleProducts" duration-ms="13749" started-at="2020-04-25T11:39:06Z" data-provider="RTTC072Testing.xls" finished-at="2020-04-25T11:39:20Z">
          <params>
            <param index="0">
              <value>
                <![CDATA[admin]]>
              </value>
            </param>
            <param index="1">
              <value>
                <![CDATA[admin@123]]>
              </value>
            </param>
            <param index="2">
              <value>
                <![CDATA[as]]>
              </value>
            </param>
            <param index="3">
              <value>
                <![CDATA[Asus Zenfone]]>
              </value>
            </param>
            <param index="4">
              <value>
                <![CDATA[SKU-003]]>
              </value>
            </param>
            <param index="5">
              <value>
                <![CDATA[7000]]>
              </value>
            </param>
            <param index="6">
              <value>
                <![CDATA[]]>
              </value>
            </param>
            <param index="7">
              <value>
                <![CDATA[Electronic]]>
              </value>
            </param>
            <param index="8">
              <value>
                <![CDATA[6]]>
              </value>
            </param>
            <param index="9">
              <value>
                <![CDATA[600]]>
              </value>
            </param>
            <param index="10">
              <value>
                <![CDATA[15]]>
              </value>
            </param>
          </params>
          <reporter-output>
          </reporter-output>
        </test-method> <!-- addMultipleProducts -->
        <test-method status="PASS" signature="tearDown()[pri:0, instance:com.training.assignment3.tests.RTTC072@8bd1b6a]" name="tearDown" is-config="true" duration-ms="6004" started-at="2020-04-25T11:39:20Z" finished-at="2020-04-25T11:39:26Z">
          <reporter-output>
          </reporter-output>
        </test-method> <!-- tearDown -->
      </class> <!-- com.training.assignment3.tests.RTTC072 -->
    </test> <!-- Default test -->
  </suite> <!-- Default suite -->
</testng-results>
