<?xml version="1.0" encoding="UTF-8"?>
<!-- Generated by org.testng.reporters.JUnitXMLReporter -->
<testsuite hostname="sijayapr" ignored="0" name="Default test" tests="4" failures="0" timestamp="25 Apr 2020 06:09:26 GMT" time="114.64" errors="0">
  <testcase name="addMultipleProducts" time="13.22" classname="com.training.assignment3.tests.RTTC072"/>
  <testcase name="addMultipleProducts" time="12.21" classname="com.training.assignment3.tests.RTTC072"/>
  <testcase name="addMultipleProducts" time="12.833" classname="com.training.assignment3.tests.RTTC072"/>
  <testcase name="addMultipleProducts" time="13.749" classname="com.training.assignment3.tests.RTTC072"/>
</testsuite> <!-- Default test -->
